[0515/134811.191:WARNING:spdy_session.cc(3365)] Received HEADERS for invalid stream 97
[0515/134840.909:ERROR:audio_rtp_receiver.cc(89)] AudioRtpReceiver::OnSetVolume: No audio channel exists.
[0515/134840.910:WARNING:used_ids.h(55)] Duplicate id found. Reassigning from 104 to 127
[0515/134840.910:WARNING:used_ids.h(55)] Duplicate id found. Reassigning from 102 to 125
[0515/134840.910:WARNING:used_ids.h(55)] Duplicate id found. Reassigning from 104 to 124
[0515/134840.910:WARNING:used_ids.h(55)] Duplicate id found. Reassigning from 106 to 123
[0515/134840.910:WARNING:used_ids.h(55)] Duplicate id found. Reassigning from 103 to 122
[0515/134840.910:WARNING:used_ids.h(55)] Duplicate id found. Reassigning from 105 to 121
[0515/134840.910:WARNING:used_ids.h(55)] Duplicate id found. Reassigning from 109 to 120
[0515/134840.910:WARNING:used_ids.h(55)] Duplicate id found. Reassigning from 1 to 14
[0515/134840.910:WARNING:used_ids.h(55)] Duplicate id found. Reassigning from 3 to 13
[0515/134840.910:WARNING:used_ids.h(55)] Duplicate id found. Reassigning from 5 to 12
[0515/134840.910:WARNING:used_ids.h(55)] Duplicate id found. Reassigning from 6 to 11
[0515/134852.598:ERROR:audio_rtp_receiver.cc(89)] AudioRtpReceiver::OnSetVolume: No audio channel exists.
[0515/134852.598:WARNING:used_ids.h(55)] Duplicate id found. Reassigning from 104 to 127
[0515/134852.598:WARNING:used_ids.h(55)] Duplicate id found. Reassigning from 102 to 125
[0515/134852.598:WARNING:used_ids.h(55)] Duplicate id found. Reassigning from 104 to 124
[0515/134852.598:WARNING:used_ids.h(55)] Duplicate id found. Reassigning from 106 to 123
[0515/134852.598:WARNING:used_ids.h(55)] Duplicate id found. Reassigning from 103 to 122
[0515/134852.598:WARNING:used_ids.h(55)] Duplicate id found. Reassigning from 105 to 121
[0515/134852.598:WARNING:used_ids.h(55)] Duplicate id found. Reassigning from 109 to 120
[0515/134852.598:WARNING:used_ids.h(55)] Duplicate id found. Reassigning from 1 to 14
[0515/134852.598:WARNING:used_ids.h(55)] Duplicate id found. Reassigning from 3 to 13
[0515/134852.598:WARNING:used_ids.h(55)] Duplicate id found. Reassigning from 5 to 12
[0515/134852.598:WARNING:used_ids.h(55)] Duplicate id found. Reassigning from 6 to 11
[0515/134903.239:ERROR:batching_media_log.cc(38)] MediaEvent: {"error":"FFmpegDemuxer: no supported streams"}
[0515/134903.239:ERROR:batching_media_log.cc(35)] MediaEvent: {"pipeline_error":14}
[0515/134903.329:ERROR:batching_media_log.cc(38)] MediaEvent: {"error":"FFmpegDemuxer: no supported streams"}
[0515/134903.329:ERROR:batching_media_log.cc(35)] MediaEvent: {"pipeline_error":14}
[0519/084311.290:WARNING:spdy_session.cc(3365)] Received HEADERS for invalid stream 25
